-------------------------------------------------------------------------------
Test set: com.tsv.implementation.TwoStepVerificationApplicationTests
-------------------------------------------------------------------------------
Tests run: 1, Failures: 0, Errors: 1, Skipped: 0, Time elapsed: 0.586 s <<< FAILURE! - in com.tsv.implementation.TwoStepVerificationApplicationTests
com.tsv.implementation.TwoStepVerificationApplicationTests  Time elapsed: 0.576 s  <<< ERROR!
java.lang.IllegalStateException: Unable to find a @SpringBootConfiguration, you need to use @ContextConfiguration or @SpringBootTest(classes=...) with your test

